Using pre-set license
Built from '2020.3/staging' branch; Version is '2020.3.41f1 (7c19dc9acfda) revision 8133084'; Using compiler version '192528614'; Build Type 'Release'
OS: 'Windows 11  (10.0.22621) 64bit Professional' Language: 'en' Physical Memory: 14188 MB
BatchMode: 1, IsHumanControllingUs: 0, StartBugReporterOnCrash: 0, Is64bit: 1, IsPro: 0

COMMAND LINE ARGUMENTS:
C:\Program Files\Unity\Hub\Editor\2020.3.41f1\Editor\Unity.exe
-adb2
-batchMode
-noUpm
-name
AssetImportWorker2
-projectPath
C:/Users/jemox/Cube Surfer Clone
-logFile
Logs/AssetImportWorker2.log
-srvPort
59511
Successfully changed project path to: C:/Users/jemox/Cube Surfer Clone
C:/Users/jemox/Cube Surfer Clone
Using Asset Import Pipeline V2.
Refreshing native plugins compatible for Editor in 33.42 ms, found 2 plugins.
Preloading 0 native plugins for Editor in 0.00 ms.
Initialize engine version: 2020.3.41f1 (7c19dc9acfda)
[Subsystems] Discovering subsystems at path C:/Program Files/Unity/Hub/Editor/2020.3.41f1/Editor/Data/Resources/UnitySubsystems
[Subsystems] Discovering subsystems at path C:/Users/jemox/Cube Surfer Clone/Assets
GfxDevice: creating device client; threaded=0
Direct3D:
    Version:  Direct3D 11.0 [level 11.1]
    Renderer: NVIDIA GeForce RTX 3050 Ti Laptop GPU (ID=0x25a0)
    Vendor:   
    VRAM:     3978 MB
    Driver:   31.0.15.2647
Initialize mono
Mono path[0] = 'C:/Program Files/Unity/Hub/Editor/2020.3.41f1/Editor/Data/Managed'
Mono path[1] = 'C:/Program Files/Unity/Hub/Editor/2020.3.41f1/Editor/Data/MonoBleedingEdge/lib/mono/unityjit'
Mono config path = 'C:/Program Files/Unity/Hub/Editor/2020.3.41f1/Editor/Data/MonoBleedingEdge/etc'
Using monoOptions --debugger-agent=transport=dt_socket,embedding=1,server=y,suspend=n,address=127.0.0.1:56224
Begin MonoManager ReloadAssembly
Registering precompiled unity dll's ...
Register platform support module: C:/Program Files/Unity/Hub/Editor/2020.3.41f1/Editor/Data/PlaybackEngines/WindowsStandaloneSupport/UnityEditor.WindowsStandalone.Extensions.dll
Registered in 0.001195 seconds.
Native extension for WindowsStandalone target not found
Refreshing native plugins compatible for Editor in 35.48 ms, found 2 plugins.
Preloading 0 native plugins for Editor in 0.00 ms.
Mono: successfully reloaded assembly
- Completed reload, in  0.515 seconds
Domain Reload Profiling:
	ReloadAssembly (516ms)
		BeginReloadAssembly (52ms)
			ExecutionOrderSort (0ms)
			DisableScriptedObjects (0ms)
			BackupInstance (0ms)
			ReleaseScriptingObjects (0ms)
			CreateAndSetChildDomain (1ms)
		EndReloadAssembly (404ms)
			LoadAssemblies (52ms)
			RebuildTransferFunctionScriptingTraits (0ms)
			SetupTypeCache (119ms)
			ReleaseScriptCaches (0ms)
			RebuildScriptCaches (27ms)
			SetupLoadedEditorAssemblies (160ms)
				LogAssemblyErrors (0ms)
				InitializePlatformSupportModulesInManaged (4ms)
				SetLoadedEditorAssemblies (0ms)
				RefreshPlugins (36ms)
				BeforeProcessingInitializeOnLoad (12ms)
				ProcessInitializeOnLoadAttributes (80ms)
				ProcessInitializeOnLoadMethodAttributes (28ms)
				AfterProcessingInitializeOnLoad (0ms)
				EditorAssembliesLoaded (0ms)
			ExecutionOrderSort2 (0ms)
			AwakeInstancesAfterBackupRestoration (0ms)
Platform modules already initialized, skipping
Registering precompiled user dll's ...
Registered in 0.002733 seconds.
Begin MonoManager ReloadAssembly
Native extension for WindowsStandalone target not found
Refreshing native plugins compatible for Editor in 0.49 ms, found 2 plugins.
Preloading 0 native plugins for Editor in 0.00 ms.
Mono: successfully reloaded assembly
- Completed reload, in  0.975 seconds
Domain Reload Profiling:
	ReloadAssembly (976ms)
		BeginReloadAssembly (136ms)
			ExecutionOrderSort (0ms)
			DisableScriptedObjects (4ms)
			BackupInstance (0ms)
			ReleaseScriptingObjects (0ms)
			CreateAndSetChildDomain (22ms)
		EndReloadAssembly (785ms)
			LoadAssemblies (95ms)
			RebuildTransferFunctionScriptingTraits (0ms)
			SetupTypeCache (235ms)
			ReleaseScriptCaches (0ms)
			RebuildScriptCaches (36ms)
			SetupLoadedEditorAssemblies (365ms)
				LogAssemblyErrors (0ms)
				InitializePlatformSupportModulesInManaged (5ms)
				SetLoadedEditorAssemblies (0ms)
				RefreshPlugins (1ms)
				BeforeProcessingInitializeOnLoad (127ms)
				ProcessInitializeOnLoadAttributes (213ms)
				ProcessInitializeOnLoadMethodAttributes (14ms)
				AfterProcessingInitializeOnLoad (4ms)
				EditorAssembliesLoaded (0ms)
			ExecutionOrderSort2 (0ms)
			AwakeInstancesAfterBackupRestoration (2ms)
Platform modules already initialized, skipping
========================================================================
Worker process is ready to serve import requests
Launched and connected shader compiler UnityShaderCompiler.exe after 0.05 seconds
Refreshing native plugins compatible for Editor in 0.86 ms, found 2 plugins.
Preloading 0 native plugins for Editor in 0.00 ms.
Unloading 1552 Unused Serialized files (Serialized files now loaded: 0)
System memory in use before: 86.0 MB.
System memory in use after: 86.0 MB.

Unloading 17 unused Assets to reduce memory usage. Loaded Objects now: 2008.
Total: 4.015200 ms (FindLiveObjects: 0.227300 ms CreateObjectMapping: 0.128000 ms MarkObjects: 3.515400 ms  DeleteObjects: 0.142800 ms)

AssetImportParameters requested are different than current active one (requested -> active):
  custom:framework-win-MediaFoundation: 216162199b28c13a410421893ffa2e32 -> 
  custom:video-decoder-ogg-theora: a1e56fd34408186e4bbccfd4996cb3dc -> 
  custom:container-muxer-webm: aa71ff27fc2769a1b78a27578f13a17b -> 
  custom:container-demuxer-webm: 4f35f7cbe854078d1ac9338744f61a02 -> 
  custom:container-demuxer-ogg: 62fdf1f143b41e24485cea50d1cbac27 -> 
  custom:video-encoder-webm-vp8: eb34c28f22e8b96e1ab97ce403110664 -> 
  custom:video-codec-MediaFoundation-h265: 746d11721c4dcdbdad8f713fa42b33f4 -> 
  custom:video-decoder-webm-vp8: 9c59270c3fd7afecdb556c50c9e8de78 -> 
  custom:audio-decoder-ogg-vorbis: bf7c407c2cedff20999df2af8eb42d56 -> 
  custom:audio-encoder-webm-vorbis: bf7c407c2cedff20999df2af8eb42d56 -> 
========================================================================
Received Import Request.
  path: Assets/ExternalAssets/Snow mountain tracks/terrain.asset
  artifactKey: Guid(d216ab1bb2f42e44bb0c77a040f8eb11) Importer(815301076,1909f56bfc062723c751e8b465ee728b)
Start importing Assets/ExternalAssets/Snow mountain tracks/terrain.asset using Guid(d216ab1bb2f42e44bb0c77a040f8eb11) Importer(815301076,1909f56bfc062723c751e8b465ee728b) Tree prefab at index 0 is missing.
 -> (artifact id: 'f70d4be56734dddcb83b9f1d5bbdb9d4') in 0.147038 seconds 
========================================================================
Received Import Request.
  Time since last request: 0.000207 seconds.
  path: Assets/ExternalAssets/Snow mountain tracks/s1.unity
  artifactKey: Guid(55357f48a3e2b4643b0983826b854f64) Importer(815301076,1909f56bfc062723c751e8b465ee728b)
Start importing Assets/ExternalAssets/Snow mountain tracks/s1.unity using Guid(55357f48a3e2b4643b0983826b854f64) Importer(815301076,1909f56bfc062723c751e8b465ee728b)  -> (artifact id: '6d7d77b89c7b6c00b45ad2e2103e7c15') in 0.006772 seconds 
========================================================================
Received Import Request.
  Time since last request: 20.389923 seconds.
  path: Assets/ExternalAssets/Snow mountain tracks/Terrain.prefab
  artifactKey: Guid(d28781d0a00ba4f4d9b5c60bcd46f5c9) Importer(815301076,1909f56bfc062723c751e8b465ee728b)
Start importing Assets/ExternalAssets/Snow mountain tracks/Terrain.prefab using Guid(d28781d0a00ba4f4d9b5c60bcd46f5c9) Importer(815301076,1909f56bfc062723c751e8b465ee728b)  -> (artifact id: '8837751d4eaf43ed3687338b2f27ce34') in 0.011992 seconds 
========================================================================
Received Import Request.
  Time since last request: 14.708283 seconds.
  path: Assets/ExternalAssets/Snow mountain tracks/Resources/Materials/roads
  artifactKey: Guid(9bb80f61b1c6e3a4fa4e9fb1dee70c03) Importer(815301076,1909f56bfc062723c751e8b465ee728b)
Start importing Assets/ExternalAssets/Snow mountain tracks/Resources/Materials/roads using Guid(9bb80f61b1c6e3a4fa4e9fb1dee70c03) Importer(815301076,1909f56bfc062723c751e8b465ee728b)  -> (artifact id: '4b00324d9969bee18ad9390321f82fd0') in 0.029361 seconds 
========================================================================
Received Import Request.
  Time since last request: 0.050092 seconds.
  path: Assets/ExternalAssets/Snow mountain tracks/Resources/Materials/roads/road material.mat
  artifactKey: Guid(f182e2714eb8a714a99ed091081ce16c) Importer(815301076,1909f56bfc062723c751e8b465ee728b)
Start importing Assets/ExternalAssets/Snow mountain tracks/Resources/Materials/roads/road material.mat using Guid(f182e2714eb8a714a99ed091081ce16c) Importer(815301076,1909f56bfc062723c751e8b465ee728b)  -> (artifact id: '3289a69c8b3467448fbad663c2ce1e9b') in 0.082119 seconds 
========================================================================
Received Import Request.
  Time since last request: 26.858994 seconds.
  path: Assets/Scenes/Level_2.unity
  artifactKey: Guid(284a2afbca34e2c498decf412459b96a) Importer(815301076,1909f56bfc062723c751e8b465ee728b)
Start importing Assets/Scenes/Level_2.unity using Guid(284a2afbca34e2c498decf412459b96a) Importer(815301076,1909f56bfc062723c751e8b465ee728b)  -> (artifact id: 'a1b7dda3f19c50b5db3511505bc7826c') in 0.002120 seconds 
========================================================================
Received Import Request.
  Time since last request: 298.542074 seconds.
  path: Assets/ExternalAssets/Runemark Studio/Freebies/Polygon Desert Pack/New Terrain.asset
  artifactKey: Guid(e7768f54d1f39eb449aff729ac8ca838) Importer(815301076,1909f56bfc062723c751e8b465ee728b)
Start importing Assets/ExternalAssets/Runemark Studio/Freebies/Polygon Desert Pack/New Terrain.asset using Guid(e7768f54d1f39eb449aff729ac8ca838) Importer(815301076,1909f56bfc062723c751e8b465ee728b)  -> (artifact id: 'a8fa5abe17b927b98c000fb9ab31d016') in 0.025004 seconds 
========================================================================
Received Import Request.
  Time since last request: 2.183185 seconds.
  path: Assets/ExternalAssets/Runemark Studio/Freebies/PolyDesert Mobile
  artifactKey: Guid(2570d6eea2a2dbf4bac076d988b306d4) Importer(815301076,1909f56bfc062723c751e8b465ee728b)
Start importing Assets/ExternalAssets/Runemark Studio/Freebies/PolyDesert Mobile using Guid(2570d6eea2a2dbf4bac076d988b306d4) Importer(815301076,1909f56bfc062723c751e8b465ee728b)  -> (artifact id: '587fea2a65a73d580d974338406aad69') in 0.023328 seconds 
========================================================================
Received Import Request.
  Time since last request: 4.603215 seconds.
  path: Assets/ExternalAssets/Runemark Studio/Freebies/PolyDesert Mobile/Materials
  artifactKey: Guid(515eee979c2a8c6438cf9142e584024b) Importer(815301076,1909f56bfc062723c751e8b465ee728b)
Start importing Assets/ExternalAssets/Runemark Studio/Freebies/PolyDesert Mobile/Materials using Guid(515eee979c2a8c6438cf9142e584024b) Importer(815301076,1909f56bfc062723c751e8b465ee728b)  -> (artifact id: '171c4acab3ad7c8b5c37b7a601423508') in 0.002266 seconds 
========================================================================
Received Import Request.
  Time since last request: 0.071846 seconds.
  path: Assets/ExternalAssets/Runemark Studio/Freebies/PolyDesert Mobile/Materials/polydesert_atlas.mat
  artifactKey: Guid(0d77e7dfe6c8918409bb739458ba8a9d) Importer(815301076,1909f56bfc062723c751e8b465ee728b)
Start importing Assets/ExternalAssets/Runemark Studio/Freebies/PolyDesert Mobile/Materials/polydesert_atlas.mat using Guid(0d77e7dfe6c8918409bb739458ba8a9d) Importer(815301076,1909f56bfc062723c751e8b465ee728b)  -> (artifact id: '6afbd6704a1dd4daf7732edfbd4dea32') in 0.022093 seconds 
========================================================================
Received Import Request.
  Time since last request: 0.623567 seconds.
  path: Assets/ExternalAssets/Runemark Studio/Freebies/PolyDesert Mobile/Materials/Textures
  artifactKey: Guid(caeb0961926d0744eb27f9f4e33a6c7b) Importer(815301076,1909f56bfc062723c751e8b465ee728b)
Start importing Assets/ExternalAssets/Runemark Studio/Freebies/PolyDesert Mobile/Materials/Textures using Guid(caeb0961926d0744eb27f9f4e33a6c7b) Importer(815301076,1909f56bfc062723c751e8b465ee728b)  -> (artifact id: '36f4cfd7bd423c115c138e7374d2788a') in 0.006280 seconds 
========================================================================
Received Import Request.
  Time since last request: 0.067272 seconds.
  path: Assets/ExternalAssets/Runemark Studio/Freebies/PolyDesert Mobile/Materials/Textures/polydesert_atlas.png
  artifactKey: Guid(191ffe92f4abdac48b806a8fef938f11) Importer(815301076,1909f56bfc062723c751e8b465ee728b)
Start importing Assets/ExternalAssets/Runemark Studio/Freebies/PolyDesert Mobile/Materials/Textures/polydesert_atlas.png using Guid(191ffe92f4abdac48b806a8fef938f11) Importer(815301076,1909f56bfc062723c751e8b465ee728b)  -> (artifact id: 'edd8483425d7946282bdf6ade003e192') in 0.021572 seconds 
========================================================================
Received Import Request.
  Time since last request: 2.693988 seconds.
  path: Assets/ExternalAssets/Runemark Studio/Freebies/PolyDesert Mobile/Meshes
  artifactKey: Guid(f415cfcdb394f8a4bab6341366053ee1) Importer(815301076,1909f56bfc062723c751e8b465ee728b)
Start importing Assets/ExternalAssets/Runemark Studio/Freebies/PolyDesert Mobile/Meshes using Guid(f415cfcdb394f8a4bab6341366053ee1) Importer(815301076,1909f56bfc062723c751e8b465ee728b)  -> (artifact id: 'e37ab4e3152c28677751845227bd8517') in 0.006000 seconds 
========================================================================
Received Import Request.
  Time since last request: 0.048540 seconds.
  path: Assets/ExternalAssets/Runemark Studio/Freebies/PolyDesert Mobile/Meshes/aloe.obj
  artifactKey: Guid(6bedf70372b395b4eb737053c608642f) Importer(815301076,1909f56bfc062723c751e8b465ee728b)
Start importing Assets/ExternalAssets/Runemark Studio/Freebies/PolyDesert Mobile/Meshes/aloe.obj using Guid(6bedf70372b395b4eb737053c608642f) Importer(815301076,1909f56bfc062723c751e8b465ee728b)  -> (artifact id: 'b2751a88ec292e8873f57168d077c202') in 0.053738 seconds 
========================================================================
Received Import Request.
  Time since last request: 0.000158 seconds.
  path: Assets/ExternalAssets/Runemark Studio/Freebies/PolyDesert Mobile/Meshes/rock01.obj
  artifactKey: Guid(4a737f02ce05c7f408a64204e6f929e8) Importer(815301076,1909f56bfc062723c751e8b465ee728b)
Start importing Assets/ExternalAssets/Runemark Studio/Freebies/PolyDesert Mobile/Meshes/rock01.obj using Guid(4a737f02ce05c7f408a64204e6f929e8) Importer(815301076,1909f56bfc062723c751e8b465ee728b)  -> (artifact id: '9fc8ff7233ef638c2bffbfb74d1c748e') in 0.022809 seconds 
========================================================================
Received Import Request.
  Time since last request: 0.000215 seconds.
  path: Assets/ExternalAssets/Runemark Studio/Freebies/PolyDesert Mobile/Meshes/rock04.obj
  artifactKey: Guid(d8e7de35f54021c42bad360179e8de0d) Importer(815301076,1909f56bfc062723c751e8b465ee728b)
Start importing Assets/ExternalAssets/Runemark Studio/Freebies/PolyDesert Mobile/Meshes/rock04.obj using Guid(d8e7de35f54021c42bad360179e8de0d) Importer(815301076,1909f56bfc062723c751e8b465ee728b)  -> (artifact id: '2a4ebb3f08572b8127164dbb79cad2e2') in 0.023522 seconds 
========================================================================
Received Import Request.
  Time since last request: 0.000170 seconds.
  path: Assets/ExternalAssets/Runemark Studio/Freebies/PolyDesert Mobile/Meshes/cactus03.obj
  artifactKey: Guid(e8da7eae19d4c5f40bea080ef8974ee0) Importer(815301076,1909f56bfc062723c751e8b465ee728b)
Start importing Assets/ExternalAssets/Runemark Studio/Freebies/PolyDesert Mobile/Meshes/cactus03.obj using Guid(e8da7eae19d4c5f40bea080ef8974ee0) Importer(815301076,1909f56bfc062723c751e8b465ee728b)  -> (artifact id: '0b75f95396017329d0f275d15436e2d7') in 0.022027 seconds 
========================================================================
Received Import Request.
  Time since last request: 0.000305 seconds.
  path: Assets/ExternalAssets/Runemark Studio/Freebies/PolyDesert Mobile/Meshes/cactus02.obj
  artifactKey: Guid(6b63de6b09241094791f5ebd528f64c3) Importer(815301076,1909f56bfc062723c751e8b465ee728b)
Start importing Assets/ExternalAssets/Runemark Studio/Freebies/PolyDesert Mobile/Meshes/cactus02.obj using Guid(6b63de6b09241094791f5ebd528f64c3) Importer(815301076,1909f56bfc062723c751e8b465ee728b)  -> (artifact id: 'fc21ebdd818b9879a1e1dbc01f5408f8') in 0.023555 seconds 
========================================================================
Received Import Request.
  Time since last request: 0.000168 seconds.
  path: Assets/ExternalAssets/Runemark Studio/Freebies/PolyDesert Mobile/Meshes/rock03.obj
  artifactKey: Guid(fbaa04fc5cd86f140a9670f8828d15c8) Importer(815301076,1909f56bfc062723c751e8b465ee728b)
Start importing Assets/ExternalAssets/Runemark Studio/Freebies/PolyDesert Mobile/Meshes/rock03.obj using Guid(fbaa04fc5cd86f140a9670f8828d15c8) Importer(815301076,1909f56bfc062723c751e8b465ee728b)  -> (artifact id: '1d15f65066ad9481a62ad7b38c2da5c7') in 0.025134 seconds 
========================================================================
Received Import Request.
  Time since last request: 0.000208 seconds.
  path: Assets/ExternalAssets/Runemark Studio/Freebies/PolyDesert Mobile/Meshes/rock05.obj
  artifactKey: Guid(1aee68255b1c16648abad52f8510f673) Importer(815301076,1909f56bfc062723c751e8b465ee728b)
Start importing Assets/ExternalAssets/Runemark Studio/Freebies/PolyDesert Mobile/Meshes/rock05.obj using Guid(1aee68255b1c16648abad52f8510f673) Importer(815301076,1909f56bfc062723c751e8b465ee728b)  -> (artifact id: '6ade629d48d39d73b40394ff136e3d2f') in 0.023167 seconds 
========================================================================
Received Import Request.
  Time since last request: 0.000194 seconds.
  path: Assets/ExternalAssets/Runemark Studio/Freebies/PolyDesert Mobile/Meshes/rock06.obj
  artifactKey: Guid(fbbd04c46204e58448b2484a0038aab6) Importer(815301076,1909f56bfc062723c751e8b465ee728b)
Start importing Assets/ExternalAssets/Runemark Studio/Freebies/PolyDesert Mobile/Meshes/rock06.obj using Guid(fbbd04c46204e58448b2484a0038aab6) Importer(815301076,1909f56bfc062723c751e8b465ee728b)  -> (artifact id: '08d7454cf602549d73b16d6d9fea63f8') in 0.023909 seconds 
========================================================================
Received Import Request.
  Time since last request: 0.000218 seconds.
  path: Assets/ExternalAssets/Runemark Studio/Freebies/PolyDesert Mobile/Meshes/cactus01.obj
  artifactKey: Guid(aee8589b8394086419d7bffb6e9dfa8e) Importer(815301076,1909f56bfc062723c751e8b465ee728b)
Start importing Assets/ExternalAssets/Runemark Studio/Freebies/PolyDesert Mobile/Meshes/cactus01.obj using Guid(aee8589b8394086419d7bffb6e9dfa8e) Importer(815301076,1909f56bfc062723c751e8b465ee728b)  -> (artifact id: '164bd227081207d1d7cf2b320d00d42c') in 0.023504 seconds 
========================================================================
Received Import Request.
  Time since last request: 0.000168 seconds.
  path: Assets/ExternalAssets/Runemark Studio/Freebies/PolyDesert Mobile/Meshes/rock02.obj
  artifactKey: Guid(6c262484852eac84785d71207b841d95) Importer(815301076,1909f56bfc062723c751e8b465ee728b)
Start importing Assets/ExternalAssets/Runemark Studio/Freebies/PolyDesert Mobile/Meshes/rock02.obj using Guid(6c262484852eac84785d71207b841d95) Importer(815301076,1909f56bfc062723c751e8b465ee728b)  -> (artifact id: '5674343c98b1af60c4611e348d7bb1f2') in 0.022098 seconds 
========================================================================
Received Import Request.
  Time since last request: 0.000170 seconds.
  path: Assets/ExternalAssets/Runemark Studio/Freebies/PolyDesert Mobile/Meshes/rock08.obj
  artifactKey: Guid(6f5ce57e18087864486ff13a7184c134) Importer(815301076,1909f56bfc062723c751e8b465ee728b)
Start importing Assets/ExternalAssets/Runemark Studio/Freebies/PolyDesert Mobile/Meshes/rock08.obj using Guid(6f5ce57e18087864486ff13a7184c134) Importer(815301076,1909f56bfc062723c751e8b465ee728b)  -> (artifact id: '896acceb6ab9c0e6691153cf9609e8c5') in 0.024460 seconds 
========================================================================
Received Import Request.
  Time since last request: 0.000238 seconds.
  path: Assets/ExternalAssets/Runemark Studio/Freebies/PolyDesert Mobile/Meshes/rock07.obj
  artifactKey: Guid(948c8a9cec5543a429f06d2596378d1b) Importer(815301076,1909f56bfc062723c751e8b465ee728b)
Start importing Assets/ExternalAssets/Runemark Studio/Freebies/PolyDesert Mobile/Meshes/rock07.obj using Guid(948c8a9cec5543a429f06d2596378d1b) Importer(815301076,1909f56bfc062723c751e8b465ee728b)  -> (artifact id: '161c2f95ca9e6e915c22a40cedd2d550') in 0.022988 seconds 
========================================================================
Received Import Request.
  Time since last request: 1.476687 seconds.
  path: Assets/ExternalAssets/Runemark Studio/Freebies/PolyDesert Mobile/Meshes/Materials
  artifactKey: Guid(826e39d1966d5b442b482cd51b13de64) Importer(815301076,1909f56bfc062723c751e8b465ee728b)
Start importing Assets/ExternalAssets/Runemark Studio/Freebies/PolyDesert Mobile/Meshes/Materials using Guid(826e39d1966d5b442b482cd51b13de64) Importer(815301076,1909f56bfc062723c751e8b465ee728b)  -> (artifact id: '0a12362a157b03b8cd003c69c87c1899') in 0.002210 seconds 
========================================================================
Received Import Request.
  Time since last request: 0.055413 seconds.
  path: Assets/ExternalAssets/Runemark Studio/Freebies/PolyDesert Mobile/Meshes/Materials/defaultMat.mat
  artifactKey: Guid(dda3d55e25777a1449222fbb9b663f3d) Importer(815301076,1909f56bfc062723c751e8b465ee728b)
Start importing Assets/ExternalAssets/Runemark Studio/Freebies/PolyDesert Mobile/Meshes/Materials/defaultMat.mat using Guid(dda3d55e25777a1449222fbb9b663f3d) Importer(815301076,1909f56bfc062723c751e8b465ee728b)  -> (artifact id: '4cf43a8fafdd4f724cc62e852ce9d5d9') in 0.011709 seconds 
========================================================================
Received Import Request.
  Time since last request: 0.000170 seconds.
  path: Assets/ExternalAssets/Runemark Studio/Freebies/PolyDesert Mobile/Meshes/Materials/polydesert_atlas.mat
  artifactKey: Guid(112298cd96534a44fa112c83939ac783) Importer(815301076,1909f56bfc062723c751e8b465ee728b)
Start importing Assets/ExternalAssets/Runemark Studio/Freebies/PolyDesert Mobile/Meshes/Materials/polydesert_atlas.mat using Guid(112298cd96534a44fa112c83939ac783) Importer(815301076,1909f56bfc062723c751e8b465ee728b)  -> (artifact id: 'b34a2870da8a5cfd07ded4bc62d9b80f') in 0.023879 seconds 
========================================================================
Received Import Request.
  Time since last request: 5.907941 seconds.
  path: Assets/ExternalAssets/Runemark Studio/Freebies/Polygon Desert Pack/Materials
  artifactKey: Guid(2094e067196920541a3d93cb4bb80a8e) Importer(815301076,1909f56bfc062723c751e8b465ee728b)
Start importing Assets/ExternalAssets/Runemark Studio/Freebies/Polygon Desert Pack/Materials using Guid(2094e067196920541a3d93cb4bb80a8e) Importer(815301076,1909f56bfc062723c751e8b465ee728b)  -> (artifact id: '93f718474f97f9b2dad2771fd8faf924') in 0.008234 seconds 
========================================================================
Received Import Request.
  Time since last request: 0.056211 seconds.
  path: Assets/ExternalAssets/Runemark Studio/Freebies/Polygon Desert Pack/Materials/Aloe.mat
  artifactKey: Guid(a58be5973538d264eb695c3db32e1d17) Importer(815301076,1909f56bfc062723c751e8b465ee728b)
Start importing Assets/ExternalAssets/Runemark Studio/Freebies/Polygon Desert Pack/Materials/Aloe.mat using Guid(a58be5973538d264eb695c3db32e1d17) Importer(815301076,1909f56bfc062723c751e8b465ee728b)  -> (artifact id: 'b4ad2c34cbb7f565895de4cf85e578fd') in 0.010946 seconds 
========================================================================
Received Import Request.
  Time since last request: 0.000161 seconds.
  path: Assets/ExternalAssets/Runemark Studio/Freebies/Polygon Desert Pack/Materials/FlowerCenter.mat
  artifactKey: Guid(0d2b752cb7a0cfa4883178ad88553bc1) Importer(815301076,1909f56bfc062723c751e8b465ee728b)
Start importing Assets/ExternalAssets/Runemark Studio/Freebies/Polygon Desert Pack/Materials/FlowerCenter.mat using Guid(0d2b752cb7a0cfa4883178ad88553bc1) Importer(815301076,1909f56bfc062723c751e8b465ee728b)  -> (artifact id: '1741f6a97e55ec440c2bdecc9207318e') in 0.016645 seconds 
========================================================================
Received Import Request.
  Time since last request: 0.000190 seconds.
  path: Assets/ExternalAssets/Runemark Studio/Freebies/Polygon Desert Pack/Materials/Ground.mat
  artifactKey: Guid(c0f96e6b229bfe24d85d8b8190d83096) Importer(815301076,1909f56bfc062723c751e8b465ee728b)
Start importing Assets/ExternalAssets/Runemark Studio/Freebies/Polygon Desert Pack/Materials/Ground.mat using Guid(c0f96e6b229bfe24d85d8b8190d83096) Importer(815301076,1909f56bfc062723c751e8b465ee728b)  -> (artifact id: 'a5c45202e42c55fa8157ece0b1dccb54') in 0.017601 seconds 
========================================================================
Received Import Request.
  Time since last request: 0.000180 seconds.
  path: Assets/ExternalAssets/Runemark Studio/Freebies/Polygon Desert Pack/Materials/DesertRocks.mat
  artifactKey: Guid(df64b2ddea7920a40962d7aac24b2869) Importer(815301076,1909f56bfc062723c751e8b465ee728b)
Start importing Assets/ExternalAssets/Runemark Studio/Freebies/Polygon Desert Pack/Materials/DesertRocks.mat using Guid(df64b2ddea7920a40962d7aac24b2869) Importer(815301076,1909f56bfc062723c751e8b465ee728b)  -> (artifact id: 'f03fbca11f4f90809f86d0bb741943da') in 0.018096 seconds 
========================================================================
Received Import Request.
  Time since last request: 0.000184 seconds.
  path: Assets/ExternalAssets/Runemark Studio/Freebies/Polygon Desert Pack/Materials/Thorn.mat
  artifactKey: Guid(f5862a071b976404b90477399414fa74) Importer(815301076,1909f56bfc062723c751e8b465ee728b)
Start importing Assets/ExternalAssets/Runemark Studio/Freebies/Polygon Desert Pack/Materials/Thorn.mat using Guid(f5862a071b976404b90477399414fa74) Importer(815301076,1909f56bfc062723c751e8b465ee728b)  -> (artifact id: '2e2b44af26e0bf41016be97a64dc354b') in 0.016857 seconds 
========================================================================
Received Import Request.
  Time since last request: 0.000172 seconds.
  path: Assets/ExternalAssets/Runemark Studio/Freebies/Polygon Desert Pack/Materials/Flower.mat
  artifactKey: Guid(a0eb1ba83e4b048409871a19b9850bb6) Importer(815301076,1909f56bfc062723c751e8b465ee728b)
Start importing Assets/ExternalAssets/Runemark Studio/Freebies/Polygon Desert Pack/Materials/Flower.mat using Guid(a0eb1ba83e4b048409871a19b9850bb6) Importer(815301076,1909f56bfc062723c751e8b465ee728b)  -> (artifact id: 'b0556d3f2eda0eb6acb6e5782a6fd36f') in 0.016369 seconds 
========================================================================
Received Import Request.
  Time since last request: 0.000240 seconds.
  path: Assets/ExternalAssets/Runemark Studio/Freebies/Polygon Desert Pack/Materials/Cactus.mat
  artifactKey: Guid(0e4890f47005c3a4fbe1f368c4939d86) Importer(815301076,1909f56bfc062723c751e8b465ee728b)
Start importing Assets/ExternalAssets/Runemark Studio/Freebies/Polygon Desert Pack/Materials/Cactus.mat using Guid(0e4890f47005c3a4fbe1f368c4939d86) Importer(815301076,1909f56bfc062723c751e8b465ee728b)  -> (artifact id: '82f0c3567a01ac6a0957b5489313ca6d') in 0.017895 seconds 
========================================================================
Received Import Request.
  Time since last request: 1.275711 seconds.
  path: Assets/ExternalAssets/Runemark Studio/Freebies/Polygon Desert Pack/Meshes
  artifactKey: Guid(89a4ce1f36a99834e83983fa9aafb62a) Importer(815301076,1909f56bfc062723c751e8b465ee728b)
Start importing Assets/ExternalAssets/Runemark Studio/Freebies/Polygon Desert Pack/Meshes using Guid(89a4ce1f36a99834e83983fa9aafb62a) Importer(815301076,1909f56bfc062723c751e8b465ee728b)  -> (artifact id: '653afed593c590e2ef2488656ac1a506') in 0.008061 seconds 
========================================================================
Received Import Request.
  Time since last request: 0.051131 seconds.
  path: Assets/ExternalAssets/Runemark Studio/Freebies/Polygon Desert Pack/Meshes/aloe.fbx
  artifactKey: Guid(e44f8bbf9778c484ca4d63d534614d67) Importer(815301076,1909f56bfc062723c751e8b465ee728b)
Start importing Assets/ExternalAssets/Runemark Studio/Freebies/Polygon Desert Pack/Meshes/aloe.fbx using Guid(e44f8bbf9778c484ca4d63d534614d67) Importer(815301076,1909f56bfc062723c751e8b465ee728b)  -> (artifact id: '0f35930bacbb82737dbba214f3dba9e4') in 0.018798 seconds 
========================================================================
Received Import Request.
  Time since last request: 0.000161 seconds.
  path: Assets/ExternalAssets/Runemark Studio/Freebies/Polygon Desert Pack/Meshes/cactus3.fbx
  artifactKey: Guid(1aec1266c0ec1804c8c87f521a7cfc61) Importer(815301076,1909f56bfc062723c751e8b465ee728b)
Start importing Assets/ExternalAssets/Runemark Studio/Freebies/Polygon Desert Pack/Meshes/cactus3.fbx using Guid(1aec1266c0ec1804c8c87f521a7cfc61) Importer(815301076,1909f56bfc062723c751e8b465ee728b)  -> (artifact id: '93289748327373004a1ce1d2e24b9bd9') in 0.027654 seconds 
========================================================================
Received Import Request.
  Time since last request: 0.000274 seconds.
  path: Assets/ExternalAssets/Runemark Studio/Freebies/Polygon Desert Pack/Meshes/rock01.obj
  artifactKey: Guid(afda6ded61894c04ea11228d2b4323c9) Importer(815301076,1909f56bfc062723c751e8b465ee728b)
Start importing Assets/ExternalAssets/Runemark Studio/Freebies/Polygon Desert Pack/Meshes/rock01.obj using Guid(afda6ded61894c04ea11228d2b4323c9) Importer(815301076,1909f56bfc062723c751e8b465ee728b)  -> (artifact id: 'dec0dcf1da288c37b757509a8ec79363') in 0.025535 seconds 
========================================================================
Received Import Request.
  Time since last request: 0.000195 seconds.
  path: Assets/ExternalAssets/Runemark Studio/Freebies/Polygon Desert Pack/Meshes/rock02.obj
  artifactKey: Guid(058a60518d9f0314cbab4b04498acdf4) Importer(815301076,1909f56bfc062723c751e8b465ee728b)
Start importing Assets/ExternalAssets/Runemark Studio/Freebies/Polygon Desert Pack/Meshes/rock02.obj using Guid(058a60518d9f0314cbab4b04498acdf4) Importer(815301076,1909f56bfc062723c751e8b465ee728b)  -> (artifact id: 'c39ad7692299bbfa40deb033e6f8718b') in 0.020344 seconds 
========================================================================
Received Import Request.
  Time since last request: 0.000223 seconds.
  path: Assets/ExternalAssets/Runemark Studio/Freebies/Polygon Desert Pack/Meshes/rock07.obj
  artifactKey: Guid(7d39097ddbb0a5844beb53d63bfbe52a) Importer(815301076,1909f56bfc062723c751e8b465ee728b)
Start importing Assets/ExternalAssets/Runemark Studio/Freebies/Polygon Desert Pack/Meshes/rock07.obj using Guid(7d39097ddbb0a5844beb53d63bfbe52a) Importer(815301076,1909f56bfc062723c751e8b465ee728b)  -> (artifact id: '24b4a9b7e3e24550f7207957ee5617e2') in 0.020660 seconds 
========================================================================
Received Import Request.
  Time since last request: 0.000196 seconds.
  path: Assets/ExternalAssets/Runemark Studio/Freebies/Polygon Desert Pack/Meshes/rock03.obj
  artifactKey: Guid(900eb47d1ac08b645ab586656712ea99) Importer(815301076,1909f56bfc062723c751e8b465ee728b)
Start importing Assets/ExternalAssets/Runemark Studio/Freebies/Polygon Desert Pack/Meshes/rock03.obj using Guid(900eb47d1ac08b645ab586656712ea99) Importer(815301076,1909f56bfc062723c751e8b465ee728b)  -> (artifact id: '538442b04205a7225dd21288f9f03332') in 0.022678 seconds 
========================================================================
Received Import Request.
  Time since last request: 0.000189 seconds.
  path: Assets/ExternalAssets/Runemark Studio/Freebies/Polygon Desert Pack/Meshes/rock06.obj
  artifactKey: Guid(e4b18b6fb72b43c41b46a3e43bfc6a0d) Importer(815301076,1909f56bfc062723c751e8b465ee728b)
Start importing Assets/ExternalAssets/Runemark Studio/Freebies/Polygon Desert Pack/Meshes/rock06.obj using Guid(e4b18b6fb72b43c41b46a3e43bfc6a0d) Importer(815301076,1909f56bfc062723c751e8b465ee728b)  -> (artifact id: 'ab869449e9573cf2560d7af7c4f4c7c6') in 0.040088 seconds 
========================================================================
Received Import Request.
  Time since last request: 0.000171 seconds.
  path: Assets/ExternalAssets/Runemark Studio/Freebies/Polygon Desert Pack/Meshes/cactus1.fbx
  artifactKey: Guid(62a4c8a915a980040a05c9e8e080236a) Importer(815301076,1909f56bfc062723c751e8b465ee728b)
Start importing Assets/ExternalAssets/Runemark Studio/Freebies/Polygon Desert Pack/Meshes/cactus1.fbx using Guid(62a4c8a915a980040a05c9e8e080236a) Importer(815301076,1909f56bfc062723c751e8b465ee728b)  -> (artifact id: '51ec0800ef5c1549a18ff154ab15ade0') in 0.020594 seconds 
========================================================================
Received Import Request.
  Time since last request: 0.000299 seconds.
  path: Assets/ExternalAssets/Runemark Studio/Freebies/Polygon Desert Pack/Meshes/rock04.obj
  artifactKey: Guid(f0047113c601ad647a5e275454470442) Importer(815301076,1909f56bfc062723c751e8b465ee728b)
Start importing Assets/ExternalAssets/Runemark Studio/Freebies/Polygon Desert Pack/Meshes/rock04.obj using Guid(f0047113c601ad647a5e275454470442) Importer(815301076,1909f56bfc062723c751e8b465ee728b)  -> (artifact id: 'e39242aa05e4927e7ce2b7df21b510f4') in 0.021268 seconds 
========================================================================
Received Import Request.
  Time since last request: 0.000168 seconds.
  path: Assets/ExternalAssets/Runemark Studio/Freebies/Polygon Desert Pack/Meshes/rock05.obj
  artifactKey: Guid(04e86de541c64d74f909d6c010405f9b) Importer(815301076,1909f56bfc062723c751e8b465ee728b)
Start importing Assets/ExternalAssets/Runemark Studio/Freebies/Polygon Desert Pack/Meshes/rock05.obj using Guid(04e86de541c64d74f909d6c010405f9b) Importer(815301076,1909f56bfc062723c751e8b465ee728b)  -> (artifact id: 'ae1cd4bc0385387ee8a09901591416a3') in 0.021175 seconds 
========================================================================
Received Import Request.
  Time since last request: 0.000368 seconds.
  path: Assets/ExternalAssets/Runemark Studio/Freebies/Polygon Desert Pack/Meshes/cactus2.fbx
  artifactKey: Guid(2b63748d5982bde4ebdd93a3a4ba6f76) Importer(815301076,1909f56bfc062723c751e8b465ee728b)
Start importing Assets/ExternalAssets/Runemark Studio/Freebies/Polygon Desert Pack/Meshes/cactus2.fbx using Guid(2b63748d5982bde4ebdd93a3a4ba6f76) Importer(815301076,1909f56bfc062723c751e8b465ee728b)  -> (artifact id: 'c912203248defa3af5587d964309968d') in 0.020852 seconds 
========================================================================
Received Import Request.
  Time since last request: 0.000217 seconds.
  path: Assets/ExternalAssets/Runemark Studio/Freebies/Polygon Desert Pack/Meshes/rock08.obj
  artifactKey: Guid(acdaefb8a11ff7f4bacce3c8b0ceb3e1) Importer(815301076,1909f56bfc062723c751e8b465ee728b)
Start importing Assets/ExternalAssets/Runemark Studio/Freebies/Polygon Desert Pack/Meshes/rock08.obj using Guid(acdaefb8a11ff7f4bacce3c8b0ceb3e1) Importer(815301076,1909f56bfc062723c751e8b465ee728b)  -> (artifact id: '8db83a7caaffbcba251214254ba1f020') in 0.026032 seconds 
========================================================================
Received Import Request.
  Time since last request: 2.144445 seconds.
  path: Assets/ExternalAssets/Runemark Studio/Freebies/Polygon Desert Pack/Meshes/Materials
  artifactKey: Guid(e92c449c4258fb74f993f241e84f7ad6) Importer(815301076,1909f56bfc062723c751e8b465ee728b)
Start importing Assets/ExternalAssets/Runemark Studio/Freebies/Polygon Desert Pack/Meshes/Materials using Guid(e92c449c4258fb74f993f241e84f7ad6) Importer(815301076,1909f56bfc062723c751e8b465ee728b)  -> (artifact id: '979cf4f4a05ba1359ce07ce8a3e5499f') in 0.002215 seconds 
========================================================================
Received Import Request.
  Time since last request: 0.064764 seconds.
  path: Assets/ExternalAssets/Runemark Studio/Freebies/Polygon Desert Pack/Meshes/Materials/defaultMat.mat
  artifactKey: Guid(7762fac154281ce40ae3cd0b4c18cfb6) Importer(815301076,1909f56bfc062723c751e8b465ee728b)
Start importing Assets/ExternalAssets/Runemark Studio/Freebies/Polygon Desert Pack/Meshes/Materials/defaultMat.mat using Guid(7762fac154281ce40ae3cd0b4c18cfb6) Importer(815301076,1909f56bfc062723c751e8b465ee728b)  -> (artifact id: '51af897826a32101caba835cb42c1fa9') in 0.011175 seconds 
========================================================================
Received Import Request.
  Time since last request: 2.132501 seconds.
  path: Assets/ExternalAssets/Runemark Studio/Freebies/Polygon Desert Pack/Prefabs
  artifactKey: Guid(f26000e2a9284924e970e4237571ff26) Importer(815301076,1909f56bfc062723c751e8b465ee728b)
Start importing Assets/ExternalAssets/Runemark Studio/Freebies/Polygon Desert Pack/Prefabs using Guid(f26000e2a9284924e970e4237571ff26) Importer(815301076,1909f56bfc062723c751e8b465ee728b)  -> (artifact id: '28f000afd5a4c614696c2b180511adbe') in 0.007770 seconds 
========================================================================
Received Import Request.
  Time since last request: 0.083621 seconds.
  path: Assets/ExternalAssets/Runemark Studio/Freebies/Polygon Desert Pack/Prefabs/Aloe.prefab
  artifactKey: Guid(8a13b3dbbf597744192ac4a84ebb93c6) Importer(815301076,1909f56bfc062723c751e8b465ee728b)
Start importing Assets/ExternalAssets/Runemark Studio/Freebies/Polygon Desert Pack/Prefabs/Aloe.prefab using Guid(8a13b3dbbf597744192ac4a84ebb93c6) Importer(815301076,1909f56bfc062723c751e8b465ee728b)  -> (artifact id: 'e0f27afce75165bfcb5da13976c5b7ad') in 0.012079 seconds 
========================================================================
Received Import Request.
  Time since last request: 0.000156 seconds.
  path: Assets/ExternalAssets/Runemark Studio/Freebies/Polygon Desert Pack/Prefabs/Cactus2.prefab
  artifactKey: Guid(65da5bb2d6e288b41baa018d8fec58f3) Importer(815301076,1909f56bfc062723c751e8b465ee728b)
Start importing Assets/ExternalAssets/Runemark Studio/Freebies/Polygon Desert Pack/Prefabs/Cactus2.prefab using Guid(65da5bb2d6e288b41baa018d8fec58f3) Importer(815301076,1909f56bfc062723c751e8b465ee728b)  -> (artifact id: '108be256ac28da46cb9c5721b29b8007') in 0.011421 seconds 
========================================================================
Received Import Request.
  Time since last request: 0.000154 seconds.
  path: Assets/ExternalAssets/Runemark Studio/Freebies/Polygon Desert Pack/Prefabs/rock03.prefab
  artifactKey: Guid(e3a2b024936fe54498e16bf28bfd0e90) Importer(815301076,1909f56bfc062723c751e8b465ee728b)
Start importing Assets/ExternalAssets/Runemark Studio/Freebies/Polygon Desert Pack/Prefabs/rock03.prefab using Guid(e3a2b024936fe54498e16bf28bfd0e90) Importer(815301076,1909f56bfc062723c751e8b465ee728b)  -> (artifact id: '41381e9076b4fdce88b97ed95d618715') in 0.012233 seconds 
========================================================================
Received Import Request.
  Time since last request: 0.000201 seconds.
  path: Assets/ExternalAssets/Runemark Studio/Freebies/Polygon Desert Pack/Prefabs/rock01.prefab
  artifactKey: Guid(3e63f970932e56649b966445efd75396) Importer(815301076,1909f56bfc062723c751e8b465ee728b)
Start importing Assets/ExternalAssets/Runemark Studio/Freebies/Polygon Desert Pack/Prefabs/rock01.prefab using Guid(3e63f970932e56649b966445efd75396) Importer(815301076,1909f56bfc062723c751e8b465ee728b)  -> (artifact id: '17bda38e4339e9b3ed48af462ab44cd2') in 0.008463 seconds 
========================================================================
Received Import Request.
  Time since last request: 0.000179 seconds.
  path: Assets/ExternalAssets/Runemark Studio/Freebies/Polygon Desert Pack/Prefabs/rock08.prefab
  artifactKey: Guid(a45f923de9555884cbe160883ce87a74) Importer(815301076,1909f56bfc062723c751e8b465ee728b)
Start importing Assets/ExternalAssets/Runemark Studio/Freebies/Polygon Desert Pack/Prefabs/rock08.prefab using Guid(a45f923de9555884cbe160883ce87a74) Importer(815301076,1909f56bfc062723c751e8b465ee728b)  -> (artifact id: 'adacef41bc6ad5e47fb5ddcd3d8d4031') in 0.010020 seconds 
========================================================================
Received Import Request.
  Time since last request: 0.000221 seconds.
  path: Assets/ExternalAssets/Runemark Studio/Freebies/Polygon Desert Pack/Prefabs/rock07.prefab
  artifactKey: Guid(802bd3dc24c20394ca2037c1b9c882a0) Importer(815301076,1909f56bfc062723c751e8b465ee728b)
Start importing Assets/ExternalAssets/Runemark Studio/Freebies/Polygon Desert Pack/Prefabs/rock07.prefab using Guid(802bd3dc24c20394ca2037c1b9c882a0) Importer(815301076,1909f56bfc062723c751e8b465ee728b)  -> (artifact id: '9caac603571027293957524f45e913b5') in 0.010708 seconds 
========================================================================
Received Import Request.
  Time since last request: 0.000219 seconds.
  path: Assets/ExternalAssets/Runemark Studio/Freebies/Polygon Desert Pack/Prefabs/Cactus1.prefab
  artifactKey: Guid(575780dd1f55b7941803be0767c1e36e) Importer(815301076,1909f56bfc062723c751e8b465ee728b)
Start importing Assets/ExternalAssets/Runemark Studio/Freebies/Polygon Desert Pack/Prefabs/Cactus1.prefab using Guid(575780dd1f55b7941803be0767c1e36e) Importer(815301076,1909f56bfc062723c751e8b465ee728b)  -> (artifact id: 'a15f799306a21a49561e464743283bb7') in 0.013577 seconds 
========================================================================
Received Import Request.
  Time since last request: 0.000165 seconds.
  path: Assets/ExternalAssets/Runemark Studio/Freebies/Polygon Desert Pack/Prefabs/rock02.prefab
  artifactKey: Guid(91af7a3706671b943974b6ef43812fab) Importer(815301076,1909f56bfc062723c751e8b465ee728b)
Start importing Assets/ExternalAssets/Runemark Studio/Freebies/Polygon Desert Pack/Prefabs/rock02.prefab using Guid(91af7a3706671b943974b6ef43812fab) Importer(815301076,1909f56bfc062723c751e8b465ee728b)  -> (artifact id: '1fd96d2a4aa5911f97141ef7f243782a') in 0.011531 seconds 
========================================================================
Received Import Request.
  Time since last request: 0.000193 seconds.
  path: Assets/ExternalAssets/Runemark Studio/Freebies/Polygon Desert Pack/Prefabs/rock04.prefab
  artifactKey: Guid(37d65ed67498b304ea4da8a6b7c2d9b4) Importer(815301076,1909f56bfc062723c751e8b465ee728b)
Start importing Assets/ExternalAssets/Runemark Studio/Freebies/Polygon Desert Pack/Prefabs/rock04.prefab using Guid(37d65ed67498b304ea4da8a6b7c2d9b4) Importer(815301076,1909f56bfc062723c751e8b465ee728b)  -> (artifact id: 'f7b49bd84d877ba1aa32672f86cad64c') in 0.012612 seconds 
========================================================================
Received Import Request.
  Time since last request: 0.000221 seconds.
  path: Assets/ExternalAssets/Runemark Studio/Freebies/Polygon Desert Pack/Prefabs/rock05.prefab
  artifactKey: Guid(bf07739386a93f443b373a919b97fbe7) Importer(815301076,1909f56bfc062723c751e8b465ee728b)
Start importing Assets/ExternalAssets/Runemark Studio/Freebies/Polygon Desert Pack/Prefabs/rock05.prefab using Guid(bf07739386a93f443b373a919b97fbe7) Importer(815301076,1909f56bfc062723c751e8b465ee728b)  -> (artifact id: 'be3b9117cafe75464efb4a03d35fe158') in 0.012039 seconds 
========================================================================
Received Import Request.
  Time since last request: 0.000194 seconds.
  path: Assets/ExternalAssets/Runemark Studio/Freebies/Polygon Desert Pack/Prefabs/Cactus3.prefab
  artifactKey: Guid(50294217694c1a145a9a3b86f853c022) Importer(815301076,1909f56bfc062723c751e8b465ee728b)
Start importing Assets/ExternalAssets/Runemark Studio/Freebies/Polygon Desert Pack/Prefabs/Cactus3.prefab using Guid(50294217694c1a145a9a3b86f853c022) Importer(815301076,1909f56bfc062723c751e8b465ee728b)  -> (artifact id: 'dbf86ee5f8bda894a683b08c71d48bfc') in 0.013471 seconds 
========================================================================
Received Import Request.
  Time since last request: 0.000242 seconds.
  path: Assets/ExternalAssets/Runemark Studio/Freebies/Polygon Desert Pack/Prefabs/rock06.prefab
  artifactKey: Guid(b7bdd751d1270e14291b000d68d117c1) Importer(815301076,1909f56bfc062723c751e8b465ee728b)
Start importing Assets/ExternalAssets/Runemark Studio/Freebies/Polygon Desert Pack/Prefabs/rock06.prefab using Guid(b7bdd751d1270e14291b000d68d117c1) Importer(815301076,1909f56bfc062723c751e8b465ee728b)  -> (artifact id: 'd07b33ddfba82d9de0b13e188c2dae44') in 0.010386 seconds 
========================================================================
Received Prepare
Registering precompiled user dll's ...
Registered in 0.001866 seconds.
Begin MonoManager ReloadAssembly
Native extension for WindowsStandalone target not found
Refreshing native plugins compatible for Editor in 0.44 ms, found 2 plugins.
Preloading 0 native plugins for Editor in 0.00 ms.
Mono: successfully reloaded assembly
- Completed reload, in  0.705 seconds
Domain Reload Profiling:
	ReloadAssembly (705ms)
		BeginReloadAssembly (95ms)
			ExecutionOrderSort (0ms)
			DisableScriptedObjects (3ms)
			BackupInstance (0ms)
			ReleaseScriptingObjects (0ms)
			CreateAndSetChildDomain (29ms)
		EndReloadAssembly (567ms)
			LoadAssemblies (74ms)
			RebuildTransferFunctionScriptingTraits (0ms)
			SetupTypeCache (199ms)
			ReleaseScriptCaches (1ms)
			RebuildScriptCaches (26ms)
			SetupLoadedEditorAssemblies (214ms)
				LogAssemblyErrors (0ms)
				InitializePlatformSupportModulesInManaged (3ms)
				SetLoadedEditorAssemblies (0ms)
				RefreshPlugins (0ms)
				BeforeProcessingInitializeOnLoad (63ms)
				ProcessInitializeOnLoadAttributes (132ms)
				ProcessInitializeOnLoadMethodAttributes (11ms)
				AfterProcessingInitializeOnLoad (3ms)
				EditorAssembliesLoaded (0ms)
			ExecutionOrderSort2 (0ms)
			AwakeInstancesAfterBackupRestoration (2ms)
Platform modules already initialized, skipping
Switching build target platform(19) subTarget(0) extendedPlatform(0) -> platform(13) subTarget(537395200) extendedPlatform(0)
Refreshing native plugins compatible for Editor in 0.43 ms, found 2 plugins.
Preloading 0 native plugins for Editor in 0.00 ms.
Unloading 1537 Unused Serialized files (Serialized files now loaded: 0)
System memory in use before: 87.8 MB.
System memory in use after: 87.9 MB.

Unloading 13 unused Assets to reduce memory usage. Loaded Objects now: 2057.
Total: 2.460400 ms (FindLiveObjects: 0.156000 ms CreateObjectMapping: 0.066400 ms MarkObjects: 2.177900 ms  DeleteObjects: 0.059500 ms)

AssetImportParameters requested are different than current active one (requested -> active):
  custom:framework-win-MediaFoundation: 216162199b28c13a410421893ffa2e32 -> 
  custom:video-decoder-ogg-theora: a1e56fd34408186e4bbccfd4996cb3dc -> 
  custom:container-muxer-webm: aa71ff27fc2769a1b78a27578f13a17b -> 
  custom:container-demuxer-webm: 4f35f7cbe854078d1ac9338744f61a02 -> 
  custom:container-demuxer-ogg: 62fdf1f143b41e24485cea50d1cbac27 -> 
  custom:video-encoder-webm-vp8: eb34c28f22e8b96e1ab97ce403110664 -> 
  custom:video-codec-MediaFoundation-h265: 746d11721c4dcdbdad8f713fa42b33f4 -> 
  custom:video-decoder-webm-vp8: 9c59270c3fd7afecdb556c50c9e8de78 -> 
  custom:graphics/normal-map-encoding: 01000000000000000000000000000000 -> 02000000000000000000000000000000
  custom:audio-decoder-ogg-vorbis: bf7c407c2cedff20999df2af8eb42d56 -> 
  custom:audio-encoder-webm-vorbis: bf7c407c2cedff20999df2af8eb42d56 -> 
========================================================================
Received Import Request.
  Time since last request: 38.126136 seconds.
  path: Assets/ExternalAssets/Runemark Studio/Freebies/Polygon Desert Pack/DesertScene.unity
  artifactKey: Guid(53f5a0914b195b74abc2fb43a9e2ce22) Importer(815301076,1909f56bfc062723c751e8b465ee728b)
Start importing Assets/ExternalAssets/Runemark Studio/Freebies/Polygon Desert Pack/DesertScene.unity using Guid(53f5a0914b195b74abc2fb43a9e2ce22) Importer(815301076,1909f56bfc062723c751e8b465ee728b)  -> (artifact id: 'b07da5aa342651a56a7101705bc3a145') in 0.010060 seconds 
========================================================================
Received Import Request.
  Time since last request: 10.751758 seconds.
  path: Assets/ExternalAssets/Runemark Studio/Freebies/Polygon Desert Pack/DesertSceneSettings.lighting
  artifactKey: Guid(bdb7666fa16dcd842895ccdf90dcf968) Importer(815301076,1909f56bfc062723c751e8b465ee728b)
Start importing Assets/ExternalAssets/Runemark Studio/Freebies/Polygon Desert Pack/DesertSceneSettings.lighting using Guid(bdb7666fa16dcd842895ccdf90dcf968) Importer(815301076,1909f56bfc062723c751e8b465ee728b) LightingSettings: switching bake backend from 1 to 0.
 -> (artifact id: '6a2ba71d929453711603213ed58a2b93') in 0.017571 seconds 
========================================================================
Received Import Request.
  Time since last request: 64.043630 seconds.
  path: Assets/Scenes/Level_2.unity
  artifactKey: Guid(284a2afbca34e2c498decf412459b96a) Importer(815301076,1909f56bfc062723c751e8b465ee728b)
Start importing Assets/Scenes/Level_2.unity using Guid(284a2afbca34e2c498decf412459b96a) Importer(815301076,1909f56bfc062723c751e8b465ee728b)  -> (artifact id: '85e1526e7ffa166ffa7a8409ee5ff92e') in 0.002669 seconds 
========================================================================
Received Import Request.
  Time since last request: 9.092978 seconds.
  path: Assets/Scenes/Level_1 1.unity
  artifactKey: Guid(b717bba40425b9240852b3a872c34b4e) Importer(815301076,1909f56bfc062723c751e8b465ee728b)
Start importing Assets/Scenes/Level_1 1.unity using Guid(b717bba40425b9240852b3a872c34b4e) Importer(815301076,1909f56bfc062723c751e8b465ee728b)  -> (artifact id: '984352a397e637e82040455e245a9d9a') in 0.006219 seconds 
========================================================================
Received Import Request.
  Time since last request: 3.319746 seconds.
  path: Assets/Scenes/Level_2.unity
  artifactKey: Guid(b717bba40425b9240852b3a872c34b4e) Importer(815301076,1909f56bfc062723c751e8b465ee728b)
Start importing Assets/Scenes/Level_2.unity using Guid(b717bba40425b9240852b3a872c34b4e) Importer(815301076,1909f56bfc062723c751e8b465ee728b)  -> (artifact id: '09c7ca82f3b7b5f46b066f852a0f6642') in 0.002129 seconds 
========================================================================
Received Prepare
Registering precompiled user dll's ...
Registered in 0.003237 seconds.
Begin MonoManager ReloadAssembly
Native extension for WindowsStandalone target not found
Refreshing native plugins compatible for Editor in 0.69 ms, found 2 plugins.
Preloading 0 native plugins for Editor in 0.00 ms.
Mono: successfully reloaded assembly
- Completed reload, in  0.775 seconds
Domain Reload Profiling:
	ReloadAssembly (775ms)
		BeginReloadAssembly (113ms)
			ExecutionOrderSort (0ms)
			DisableScriptedObjects (4ms)
			BackupInstance (0ms)
			ReleaseScriptingObjects (0ms)
			CreateAndSetChildDomain (36ms)
		EndReloadAssembly (611ms)
			LoadAssemblies (86ms)
			RebuildTransferFunctionScriptingTraits (0ms)
			SetupTypeCache (192ms)
			ReleaseScriptCaches (1ms)
			RebuildScriptCaches (29ms)
			SetupLoadedEditorAssemblies (240ms)
				LogAssemblyErrors (0ms)
				InitializePlatformSupportModulesInManaged (5ms)
				SetLoadedEditorAssemblies (0ms)
				RefreshPlugins (1ms)
				BeforeProcessingInitializeOnLoad (69ms)
				ProcessInitializeOnLoadAttributes (147ms)
				ProcessInitializeOnLoadMethodAttributes (12ms)
				AfterProcessingInitializeOnLoad (4ms)
				EditorAssembliesLoaded (0ms)
			ExecutionOrderSort2 (0ms)
			AwakeInstancesAfterBackupRestoration (2ms)
Platform modules already initialized, skipping
Switching build target platform(19) subTarget(0) extendedPlatform(0) -> platform(13) subTarget(537395200) extendedPlatform(0)
Refreshing native plugins compatible for Editor in 0.47 ms, found 2 plugins.
Preloading 0 native plugins for Editor in 0.00 ms.
Unloading 1537 Unused Serialized files (Serialized files now loaded: 0)
System memory in use before: 87.9 MB.
System memory in use after: 87.9 MB.

Unloading 12 unused Assets to reduce memory usage. Loaded Objects now: 2060.
Total: 2.380400 ms (FindLiveObjects: 0.123600 ms CreateObjectMapping: 0.036000 ms MarkObjects: 2.159600 ms  DeleteObjects: 0.060400 ms)

AssetImportParameters requested are different than current active one (requested -> active):
  custom:framework-win-MediaFoundation: 216162199b28c13a410421893ffa2e32 -> 
  custom:video-decoder-ogg-theora: a1e56fd34408186e4bbccfd4996cb3dc -> 
  custom:container-muxer-webm: aa71ff27fc2769a1b78a27578f13a17b -> 
  custom:container-demuxer-webm: 4f35f7cbe854078d1ac9338744f61a02 -> 
  custom:container-demuxer-ogg: 62fdf1f143b41e24485cea50d1cbac27 -> 
  custom:video-encoder-webm-vp8: eb34c28f22e8b96e1ab97ce403110664 -> 
  custom:video-codec-MediaFoundation-h265: 746d11721c4dcdbdad8f713fa42b33f4 -> 
  custom:video-decoder-webm-vp8: 9c59270c3fd7afecdb556c50c9e8de78 -> 
  custom:graphics/normal-map-encoding: 01000000000000000000000000000000 -> 02000000000000000000000000000000
  custom:audio-decoder-ogg-vorbis: bf7c407c2cedff20999df2af8eb42d56 -> 
  custom:audio-encoder-webm-vorbis: bf7c407c2cedff20999df2af8eb42d56 -> 
========================================================================
Received Prepare
Registering precompiled user dll's ...
Registered in 0.002017 seconds.
Begin MonoManager ReloadAssembly
Native extension for WindowsStandalone target not found
Refreshing native plugins compatible for Editor in 0.44 ms, found 2 plugins.
Preloading 0 native plugins for Editor in 0.00 ms.
Mono: successfully reloaded assembly
- Completed reload, in  0.767 seconds
Domain Reload Profiling:
	ReloadAssembly (768ms)
		BeginReloadAssembly (92ms)
			ExecutionOrderSort (0ms)
			DisableScriptedObjects (4ms)
			BackupInstance (0ms)
			ReleaseScriptingObjects (0ms)
			CreateAndSetChildDomain (28ms)
		EndReloadAssembly (622ms)
			LoadAssemblies (80ms)
			RebuildTransferFunctionScriptingTraits (0ms)
			SetupTypeCache (213ms)
			ReleaseScriptCaches (1ms)
			RebuildScriptCaches (28ms)
			SetupLoadedEditorAssemblies (229ms)
				LogAssemblyErrors (0ms)
				InitializePlatformSupportModulesInManaged (4ms)
				SetLoadedEditorAssemblies (0ms)
				RefreshPlugins (0ms)
				BeforeProcessingInitializeOnLoad (66ms)
				ProcessInitializeOnLoadAttributes (145ms)
				ProcessInitializeOnLoadMethodAttributes (11ms)
				AfterProcessingInitializeOnLoad (4ms)
				EditorAssembliesLoaded (0ms)
			ExecutionOrderSort2 (0ms)
			AwakeInstancesAfterBackupRestoration (2ms)
Platform modules already initialized, skipping
Switching build target platform(19) subTarget(0) extendedPlatform(0) -> platform(13) subTarget(537395200) extendedPlatform(0)
Refreshing native plugins compatible for Editor in 0.43 ms, found 2 plugins.
Preloading 0 native plugins for Editor in 0.00 ms.
Unloading 1537 Unused Serialized files (Serialized files now loaded: 0)
System memory in use before: 87.9 MB.
System memory in use after: 88.0 MB.

Unloading 12 unused Assets to reduce memory usage. Loaded Objects now: 2063.
Total: 2.755200 ms (FindLiveObjects: 0.135600 ms CreateObjectMapping: 0.050400 ms MarkObjects: 2.508400 ms  DeleteObjects: 0.059900 ms)

AssetImportParameters requested are different than current active one (requested -> active):
  custom:framework-win-MediaFoundation: 216162199b28c13a410421893ffa2e32 -> 
  custom:video-decoder-ogg-theora: a1e56fd34408186e4bbccfd4996cb3dc -> 
  custom:container-muxer-webm: aa71ff27fc2769a1b78a27578f13a17b -> 
  custom:container-demuxer-webm: 4f35f7cbe854078d1ac9338744f61a02 -> 
  custom:container-demuxer-ogg: 62fdf1f143b41e24485cea50d1cbac27 -> 
  custom:video-encoder-webm-vp8: eb34c28f22e8b96e1ab97ce403110664 -> 
  custom:video-codec-MediaFoundation-h265: 746d11721c4dcdbdad8f713fa42b33f4 -> 
  custom:video-decoder-webm-vp8: 9c59270c3fd7afecdb556c50c9e8de78 -> 
  custom:graphics/normal-map-encoding: 01000000000000000000000000000000 -> 02000000000000000000000000000000
  custom:audio-decoder-ogg-vorbis: bf7c407c2cedff20999df2af8eb42d56 -> 
  custom:audio-encoder-webm-vorbis: bf7c407c2cedff20999df2af8eb42d56 -> 
========================================================================
Received Prepare
Registering precompiled user dll's ...
Registered in 0.001990 seconds.
Begin MonoManager ReloadAssembly
Native extension for WindowsStandalone target not found
Refreshing native plugins compatible for Editor in 0.43 ms, found 2 plugins.
Preloading 0 native plugins for Editor in 0.00 ms.
Mono: successfully reloaded assembly
- Completed reload, in  0.739 seconds
Domain Reload Profiling:
	ReloadAssembly (739ms)
		BeginReloadAssembly (96ms)
			ExecutionOrderSort (0ms)
			DisableScriptedObjects (3ms)
			BackupInstance (0ms)
			ReleaseScriptingObjects (0ms)
			CreateAndSetChildDomain (31ms)
		EndReloadAssembly (594ms)
			LoadAssemblies (75ms)
			RebuildTransferFunctionScriptingTraits (0ms)
			SetupTypeCache (196ms)
			ReleaseScriptCaches (1ms)
			RebuildScriptCaches (28ms)
			SetupLoadedEditorAssemblies (231ms)
				LogAssemblyErrors (0ms)
				InitializePlatformSupportModulesInManaged (3ms)
				SetLoadedEditorAssemblies (0ms)
				RefreshPlugins (0ms)
				BeforeProcessingInitializeOnLoad (72ms)
				ProcessInitializeOnLoadAttributes (141ms)
				ProcessInitializeOnLoadMethodAttributes (11ms)
				AfterProcessingInitializeOnLoad (4ms)
				EditorAssembliesLoaded (0ms)
			ExecutionOrderSort2 (0ms)
			AwakeInstancesAfterBackupRestoration (2ms)
Platform modules already initialized, skipping
Switching build target platform(19) subTarget(0) extendedPlatform(0) -> platform(13) subTarget(537395200) extendedPlatform(0)
Refreshing native plugins compatible for Editor in 0.76 ms, found 2 plugins.
Preloading 0 native plugins for Editor in 0.00 ms.
Unloading 1537 Unused Serialized files (Serialized files now loaded: 0)
System memory in use before: 87.9 MB.
System memory in use after: 88.0 MB.

Unloading 12 unused Assets to reduce memory usage. Loaded Objects now: 2066.
Total: 2.591100 ms (FindLiveObjects: 0.167900 ms CreateObjectMapping: 0.043600 ms MarkObjects: 2.313600 ms  DeleteObjects: 0.064900 ms)

AssetImportParameters requested are different than current active one (requested -> active):
  custom:framework-win-MediaFoundation: 216162199b28c13a410421893ffa2e32 -> 
  custom:video-decoder-ogg-theora: a1e56fd34408186e4bbccfd4996cb3dc -> 
  custom:container-muxer-webm: aa71ff27fc2769a1b78a27578f13a17b -> 
  custom:container-demuxer-webm: 4f35f7cbe854078d1ac9338744f61a02 -> 
  custom:container-demuxer-ogg: 62fdf1f143b41e24485cea50d1cbac27 -> 
  custom:video-encoder-webm-vp8: eb34c28f22e8b96e1ab97ce403110664 -> 
  custom:video-codec-MediaFoundation-h265: 746d11721c4dcdbdad8f713fa42b33f4 -> 
  custom:video-decoder-webm-vp8: 9c59270c3fd7afecdb556c50c9e8de78 -> 
  custom:graphics/normal-map-encoding: 01000000000000000000000000000000 -> 02000000000000000000000000000000
  custom:audio-decoder-ogg-vorbis: bf7c407c2cedff20999df2af8eb42d56 -> 
  custom:audio-encoder-webm-vorbis: bf7c407c2cedff20999df2af8eb42d56 -> 
========================================================================
Received Import Request.
  Time since last request: 2311.629992 seconds.
  path: Assets/Scenes/Level_2.unity
  artifactKey: Guid(b717bba40425b9240852b3a872c34b4e) Importer(815301076,1909f56bfc062723c751e8b465ee728b)
Start importing Assets/Scenes/Level_2.unity using Guid(b717bba40425b9240852b3a872c34b4e) Importer(815301076,1909f56bfc062723c751e8b465ee728b)  -> (artifact id: '46d8a26ceba0a4d286a4bc43234ff301') in 0.009389 seconds 
========================================================================
Received Import Request.
  Time since last request: 16.865674 seconds.
  path: Assets/Scenes/Level_2 1.unity
  artifactKey: Guid(9cfe2656cc7eabe4897f8964513194a4) Importer(815301076,1909f56bfc062723c751e8b465ee728b)
Start importing Assets/Scenes/Level_2 1.unity using Guid(9cfe2656cc7eabe4897f8964513194a4) Importer(815301076,1909f56bfc062723c751e8b465ee728b)  -> (artifact id: 'f1dd2c2aae302692acacd3cdd3a0507f') in 0.031227 seconds 
========================================================================
Received Import Request.
  Time since last request: 3.175356 seconds.
  path: Assets/Scenes/Level_3.unity
  artifactKey: Guid(9cfe2656cc7eabe4897f8964513194a4) Importer(815301076,1909f56bfc062723c751e8b465ee728b)
Start importing Assets/Scenes/Level_3.unity using Guid(9cfe2656cc7eabe4897f8964513194a4) Importer(815301076,1909f56bfc062723c751e8b465ee728b)  -> (artifact id: 'f575f2905918806533d13a4a2abd1dca') in 0.007152 seconds 
========================================================================
Received Prepare
Registering precompiled user dll's ...
Registered in 0.003226 seconds.
Begin MonoManager ReloadAssembly
Native extension for WindowsStandalone target not found
Refreshing native plugins compatible for Editor in 0.50 ms, found 2 plugins.
Preloading 0 native plugins for Editor in 0.00 ms.
Mono: successfully reloaded assembly
- Completed reload, in  0.867 seconds
Domain Reload Profiling:
	ReloadAssembly (867ms)
		BeginReloadAssembly (103ms)
			ExecutionOrderSort (0ms)
			DisableScriptedObjects (4ms)
			BackupInstance (0ms)
			ReleaseScriptingObjects (0ms)
			CreateAndSetChildDomain (32ms)
		EndReloadAssembly (712ms)
			LoadAssemblies (85ms)
			RebuildTransferFunctionScriptingTraits (0ms)
			SetupTypeCache (238ms)
			ReleaseScriptCaches (1ms)
			RebuildScriptCaches (32ms)
			SetupLoadedEditorAssemblies (272ms)
				LogAssemblyErrors (0ms)
				InitializePlatformSupportModulesInManaged (4ms)
				SetLoadedEditorAssemblies (0ms)
				RefreshPlugins (1ms)
				BeforeProcessingInitializeOnLoad (81ms)
				ProcessInitializeOnLoadAttributes (167ms)
				ProcessInitializeOnLoadMethodAttributes (15ms)
				AfterProcessingInitializeOnLoad (4ms)
				EditorAssembliesLoaded (0ms)
			ExecutionOrderSort2 (0ms)
			AwakeInstancesAfterBackupRestoration (2ms)
Platform modules already initialized, skipping
Switching build target platform(19) subTarget(0) extendedPlatform(0) -> platform(13) subTarget(537395200) extendedPlatform(0)
Refreshing native plugins compatible for Editor in 0.43 ms, found 2 plugins.
Preloading 0 native plugins for Editor in 0.00 ms.
Unloading 1537 Unused Serialized files (Serialized files now loaded: 0)
System memory in use before: 87.9 MB.
System memory in use after: 88.0 MB.

Unloading 12 unused Assets to reduce memory usage. Loaded Objects now: 2069.
Total: 2.773800 ms (FindLiveObjects: 0.155400 ms CreateObjectMapping: 0.037900 ms MarkObjects: 2.490800 ms  DeleteObjects: 0.088500 ms)

AssetImportParameters requested are different than current active one (requested -> active):
  custom:framework-win-MediaFoundation: 216162199b28c13a410421893ffa2e32 -> 
  custom:video-decoder-ogg-theora: a1e56fd34408186e4bbccfd4996cb3dc -> 
  custom:container-muxer-webm: aa71ff27fc2769a1b78a27578f13a17b -> 
  custom:container-demuxer-webm: 4f35f7cbe854078d1ac9338744f61a02 -> 
  custom:container-demuxer-ogg: 62fdf1f143b41e24485cea50d1cbac27 -> 
  custom:video-encoder-webm-vp8: eb34c28f22e8b96e1ab97ce403110664 -> 
  custom:video-codec-MediaFoundation-h265: 746d11721c4dcdbdad8f713fa42b33f4 -> 
  custom:video-decoder-webm-vp8: 9c59270c3fd7afecdb556c50c9e8de78 -> 
  custom:graphics/normal-map-encoding: 01000000000000000000000000000000 -> 02000000000000000000000000000000
  custom:audio-decoder-ogg-vorbis: bf7c407c2cedff20999df2af8eb42d56 -> 
  custom:audio-encoder-webm-vorbis: bf7c407c2cedff20999df2af8eb42d56 -> 
========================================================================
Received Prepare
Registering precompiled user dll's ...
Registered in 0.002139 seconds.
Begin MonoManager ReloadAssembly
Native extension for WindowsStandalone target not found
Refreshing native plugins compatible for Editor in 0.44 ms, found 2 plugins.
Preloading 0 native plugins for Editor in 0.00 ms.
Mono: successfully reloaded assembly
- Completed reload, in  0.823 seconds
Domain Reload Profiling:
	ReloadAssembly (824ms)
		BeginReloadAssembly (97ms)
			ExecutionOrderSort (0ms)
			DisableScriptedObjects (4ms)
			BackupInstance (0ms)
			ReleaseScriptingObjects (0ms)
			CreateAndSetChildDomain (30ms)
		EndReloadAssembly (680ms)
			LoadAssemblies (80ms)
			RebuildTransferFunctionScriptingTraits (0ms)
			SetupTypeCache (224ms)
			ReleaseScriptCaches (1ms)
			RebuildScriptCaches (28ms)
			SetupLoadedEditorAssemblies (246ms)
				LogAssemblyErrors (0ms)
				InitializePlatformSupportModulesInManaged (4ms)
				SetLoadedEditorAssemblies (0ms)
				RefreshPlugins (0ms)
				BeforeProcessingInitializeOnLoad (71ms)
				ProcessInitializeOnLoadAttributes (154ms)
				ProcessInitializeOnLoadMethodAttributes (12ms)
				AfterProcessingInitializeOnLoad (4ms)
				EditorAssembliesLoaded (0ms)
			ExecutionOrderSort2 (0ms)
			AwakeInstancesAfterBackupRestoration (2ms)
Platform modules already initialized, skipping
Switching build target platform(19) subTarget(0) extendedPlatform(0) -> platform(13) subTarget(537395200) extendedPlatform(0)
Refreshing native plugins compatible for Editor in 0.53 ms, found 2 plugins.
Preloading 0 native plugins for Editor in 0.00 ms.
Unloading 1537 Unused Serialized files (Serialized files now loaded: 0)
System memory in use before: 87.9 MB.
System memory in use after: 88.0 MB.

Unloading 12 unused Assets to reduce memory usage. Loaded Objects now: 2072.
Total: 3.062900 ms (FindLiveObjects: 0.207700 ms CreateObjectMapping: 0.054200 ms MarkObjects: 2.722800 ms  DeleteObjects: 0.076600 ms)

AssetImportParameters requested are different than current active one (requested -> active):
  custom:framework-win-MediaFoundation: 216162199b28c13a410421893ffa2e32 -> 
  custom:video-decoder-ogg-theora: a1e56fd34408186e4bbccfd4996cb3dc -> 
  custom:container-muxer-webm: aa71ff27fc2769a1b78a27578f13a17b -> 
  custom:container-demuxer-webm: 4f35f7cbe854078d1ac9338744f61a02 -> 
  custom:container-demuxer-ogg: 62fdf1f143b41e24485cea50d1cbac27 -> 
  custom:video-encoder-webm-vp8: eb34c28f22e8b96e1ab97ce403110664 -> 
  custom:video-codec-MediaFoundation-h265: 746d11721c4dcdbdad8f713fa42b33f4 -> 
  custom:video-decoder-webm-vp8: 9c59270c3fd7afecdb556c50c9e8de78 -> 
  custom:graphics/normal-map-encoding: 01000000000000000000000000000000 -> 02000000000000000000000000000000
  custom:audio-decoder-ogg-vorbis: bf7c407c2cedff20999df2af8eb42d56 -> 
  custom:audio-encoder-webm-vorbis: bf7c407c2cedff20999df2af8eb42d56 -> 
========================================================================
Received Prepare
Registering precompiled user dll's ...
Registered in 0.002074 seconds.
Begin MonoManager ReloadAssembly
Native extension for WindowsStandalone target not found
Refreshing native plugins compatible for Editor in 0.48 ms, found 2 plugins.
Preloading 0 native plugins for Editor in 0.00 ms.
Mono: successfully reloaded assembly
- Completed reload, in  0.799 seconds
Domain Reload Profiling:
	ReloadAssembly (799ms)
		BeginReloadAssembly (99ms)
			ExecutionOrderSort (0ms)
			DisableScriptedObjects (4ms)
			BackupInstance (0ms)
			ReleaseScriptingObjects (0ms)
			CreateAndSetChildDomain (30ms)
		EndReloadAssembly (650ms)
			LoadAssemblies (88ms)
			RebuildTransferFunctionScriptingTraits (0ms)
			SetupTypeCache (206ms)
			ReleaseScriptCaches (1ms)
			RebuildScriptCaches (29ms)
			SetupLoadedEditorAssemblies (245ms)
				LogAssemblyErrors (0ms)
				InitializePlatformSupportModulesInManaged (4ms)
				SetLoadedEditorAssemblies (0ms)
				RefreshPlugins (1ms)
				BeforeProcessingInitializeOnLoad (75ms)
				ProcessInitializeOnLoadAttributes (148ms)
				ProcessInitializeOnLoadMethodAttributes (13ms)
				AfterProcessingInitializeOnLoad (4ms)
				EditorAssembliesLoaded (0ms)
			ExecutionOrderSort2 (0ms)
			AwakeInstancesAfterBackupRestoration (2ms)
Platform modules already initialized, skipping
Switching build target platform(19) subTarget(0) extendedPlatform(0) -> platform(13) subTarget(537395200) extendedPlatform(0)
Refreshing native plugins compatible for Editor in 0.43 ms, found 2 plugins.
Preloading 0 native plugins for Editor in 0.00 ms.
Unloading 1537 Unused Serialized files (Serialized files now loaded: 0)
System memory in use before: 87.9 MB.
System memory in use after: 88.0 MB.

Unloading 12 unused Assets to reduce memory usage. Loaded Objects now: 2075.
Total: 2.729000 ms (FindLiveObjects: 0.167600 ms CreateObjectMapping: 0.069800 ms MarkObjects: 2.427200 ms  DeleteObjects: 0.063500 ms)

AssetImportParameters requested are different than current active one (requested -> active):
  custom:framework-win-MediaFoundation: 216162199b28c13a410421893ffa2e32 -> 
  custom:video-decoder-ogg-theora: a1e56fd34408186e4bbccfd4996cb3dc -> 
  custom:container-muxer-webm: aa71ff27fc2769a1b78a27578f13a17b -> 
  custom:container-demuxer-webm: 4f35f7cbe854078d1ac9338744f61a02 -> 
  custom:container-demuxer-ogg: 62fdf1f143b41e24485cea50d1cbac27 -> 
  custom:video-encoder-webm-vp8: eb34c28f22e8b96e1ab97ce403110664 -> 
  custom:video-codec-MediaFoundation-h265: 746d11721c4dcdbdad8f713fa42b33f4 -> 
  custom:video-decoder-webm-vp8: 9c59270c3fd7afecdb556c50c9e8de78 -> 
  custom:graphics/normal-map-encoding: 01000000000000000000000000000000 -> 02000000000000000000000000000000
  custom:audio-decoder-ogg-vorbis: bf7c407c2cedff20999df2af8eb42d56 -> 
  custom:audio-encoder-webm-vorbis: bf7c407c2cedff20999df2af8eb42d56 -> 
========================================================================
Received Import Request.
  Time since last request: 1571.916270 seconds.
  path: Assets/Scenes/Level_2.unity
  artifactKey: Guid(b717bba40425b9240852b3a872c34b4e) Importer(815301076,1909f56bfc062723c751e8b465ee728b)
Start importing Assets/Scenes/Level_2.unity using Guid(b717bba40425b9240852b3a872c34b4e) Importer(815301076,1909f56bfc062723c751e8b465ee728b)  -> (artifact id: '97da5fdb5a0d0098a44dc8ab1aac4239') in 0.005355 seconds 
========================================================================
Received Import Request.
  Time since last request: 9.829479 seconds.
  path: Assets/Scenes/Level_3s.unity
  artifactKey: Guid(9cfe2656cc7eabe4897f8964513194a4) Importer(815301076,1909f56bfc062723c751e8b465ee728b)
Start importing Assets/Scenes/Level_3s.unity using Guid(9cfe2656cc7eabe4897f8964513194a4) Importer(815301076,1909f56bfc062723c751e8b465ee728b)  -> (artifact id: '0a492f32fcd66e1193b82e27ec87adea') in 0.007832 seconds 
========================================================================
Received Import Request.
  Time since last request: 1.794297 seconds.
  path: Assets/Scenes/Level_3.unity
  artifactKey: Guid(b717bba40425b9240852b3a872c34b4e) Importer(815301076,1909f56bfc062723c751e8b465ee728b)
Start importing Assets/Scenes/Level_3.unity using Guid(b717bba40425b9240852b3a872c34b4e) Importer(815301076,1909f56bfc062723c751e8b465ee728b)  -> (artifact id: '6c9471fd8b62f7f5da1f70df2b35a6c2') in 0.002100 seconds 
========================================================================
Received Import Request.
  Time since last request: 3.736232 seconds.
  path: Assets/Scenes/Level_2.unity
  artifactKey: Guid(9cfe2656cc7eabe4897f8964513194a4) Importer(815301076,1909f56bfc062723c751e8b465ee728b)
Start importing Assets/Scenes/Level_2.unity using Guid(9cfe2656cc7eabe4897f8964513194a4) Importer(815301076,1909f56bfc062723c751e8b465ee728b)  -> (artifact id: '7acac301d2d733a7a835b0f69463cda1') in 0.002952 seconds 
========================================================================
Received Prepare
Registering precompiled user dll's ...
Registered in 0.003699 seconds.
Begin MonoManager ReloadAssembly
Native extension for WindowsStandalone target not found
Refreshing native plugins compatible for Editor in 0.72 ms, found 2 plugins.
Preloading 0 native plugins for Editor in 0.00 ms.
Mono: successfully reloaded assembly
- Completed reload, in  0.850 seconds
Domain Reload Profiling:
	ReloadAssembly (851ms)
		BeginReloadAssembly (103ms)
			ExecutionOrderSort (0ms)
			DisableScriptedObjects (4ms)
			BackupInstance (0ms)
			ReleaseScriptingObjects (0ms)
			CreateAndSetChildDomain (35ms)
		EndReloadAssembly (699ms)
			LoadAssemblies (84ms)
			RebuildTransferFunctionScriptingTraits (0ms)
			SetupTypeCache (216ms)
			ReleaseScriptCaches (1ms)
			RebuildScriptCaches (33ms)
			SetupLoadedEditorAssemblies (269ms)
				LogAssemblyErrors (0ms)
				InitializePlatformSupportModulesInManaged (4ms)
				SetLoadedEditorAssemblies (0ms)
				RefreshPlugins (1ms)
				BeforeProcessingInitializeOnLoad (86ms)
				ProcessInitializeOnLoadAttributes (161ms)
				ProcessInitializeOnLoadMethodAttributes (12ms)
				AfterProcessingInitializeOnLoad (4ms)
				EditorAssembliesLoaded (0ms)
			ExecutionOrderSort2 (0ms)
			AwakeInstancesAfterBackupRestoration (2ms)
Platform modules already initialized, skipping
Switching build target platform(19) subTarget(0) extendedPlatform(0) -> platform(13) subTarget(537395200) extendedPlatform(0)
Refreshing native plugins compatible for Editor in 0.45 ms, found 2 plugins.
Preloading 0 native plugins for Editor in 0.00 ms.
Unloading 1537 Unused Serialized files (Serialized files now loaded: 0)
System memory in use before: 87.9 MB.
System memory in use after: 88.0 MB.

Unloading 12 unused Assets to reduce memory usage. Loaded Objects now: 2078.
Total: 3.184500 ms (FindLiveObjects: 0.186600 ms CreateObjectMapping: 0.079400 ms MarkObjects: 2.849100 ms  DeleteObjects: 0.067900 ms)

AssetImportParameters requested are different than current active one (requested -> active):
  custom:framework-win-MediaFoundation: 216162199b28c13a410421893ffa2e32 -> 
  custom:video-decoder-ogg-theora: a1e56fd34408186e4bbccfd4996cb3dc -> 
  custom:container-muxer-webm: aa71ff27fc2769a1b78a27578f13a17b -> 
  custom:container-demuxer-webm: 4f35f7cbe854078d1ac9338744f61a02 -> 
  custom:container-demuxer-ogg: 62fdf1f143b41e24485cea50d1cbac27 -> 
  custom:video-encoder-webm-vp8: eb34c28f22e8b96e1ab97ce403110664 -> 
  custom:video-codec-MediaFoundation-h265: 746d11721c4dcdbdad8f713fa42b33f4 -> 
  custom:video-decoder-webm-vp8: 9c59270c3fd7afecdb556c50c9e8de78 -> 
  custom:graphics/normal-map-encoding: 01000000000000000000000000000000 -> 02000000000000000000000000000000
  custom:audio-decoder-ogg-vorbis: bf7c407c2cedff20999df2af8eb42d56 -> 
  custom:audio-encoder-webm-vorbis: bf7c407c2cedff20999df2af8eb42d56 -> 
========================================================================
Received Prepare
Registering precompiled user dll's ...
Registered in 0.002635 seconds.
Begin MonoManager ReloadAssembly
Native extension for WindowsStandalone target not found
Refreshing native plugins compatible for Editor in 0.69 ms, found 2 plugins.
Preloading 0 native plugins for Editor in 0.00 ms.
Mono: successfully reloaded assembly
- Completed reload, in  0.834 seconds
Domain Reload Profiling:
	ReloadAssembly (835ms)
		BeginReloadAssembly (103ms)
			ExecutionOrderSort (0ms)
			DisableScriptedObjects (6ms)
			BackupInstance (0ms)
			ReleaseScriptingObjects (0ms)
			CreateAndSetChildDomain (33ms)
		EndReloadAssembly (678ms)
			LoadAssemblies (80ms)
			RebuildTransferFunctionScriptingTraits (0ms)
			SetupTypeCache (237ms)
			ReleaseScriptCaches (1ms)
			RebuildScriptCaches (29ms)
			SetupLoadedEditorAssemblies (240ms)
				LogAssemblyErrors (0ms)
				InitializePlatformSupportModulesInManaged (4ms)
				SetLoadedEditorAssemblies (1ms)
				RefreshPlugins (1ms)
				BeforeProcessingInitializeOnLoad (73ms)
				ProcessInitializeOnLoadAttributes (145ms)
				ProcessInitializeOnLoadMethodAttributes (11ms)
				AfterProcessingInitializeOnLoad (5ms)
				EditorAssembliesLoaded (1ms)
			ExecutionOrderSort2 (0ms)
			AwakeInstancesAfterBackupRestoration (2ms)
Platform modules already initialized, skipping
Switching build target platform(19) subTarget(0) extendedPlatform(0) -> platform(13) subTarget(537395200) extendedPlatform(0)
Refreshing native plugins compatible for Editor in 0.45 ms, found 2 plugins.
Preloading 0 native plugins for Editor in 0.00 ms.
Unloading 1537 Unused Serialized files (Serialized files now loaded: 0)
System memory in use before: 87.9 MB.
System memory in use after: 88.0 MB.

Unloading 12 unused Assets to reduce memory usage. Loaded Objects now: 2081.
Total: 2.850500 ms (FindLiveObjects: 0.192100 ms CreateObjectMapping: 0.045800 ms MarkObjects: 2.546700 ms  DeleteObjects: 0.065000 ms)

AssetImportParameters requested are different than current active one (requested -> active):
  custom:framework-win-MediaFoundation: 216162199b28c13a410421893ffa2e32 -> 
  custom:video-decoder-ogg-theora: a1e56fd34408186e4bbccfd4996cb3dc -> 
  custom:container-muxer-webm: aa71ff27fc2769a1b78a27578f13a17b -> 
  custom:container-demuxer-webm: 4f35f7cbe854078d1ac9338744f61a02 -> 
  custom:container-demuxer-ogg: 62fdf1f143b41e24485cea50d1cbac27 -> 
  custom:video-encoder-webm-vp8: eb34c28f22e8b96e1ab97ce403110664 -> 
  custom:video-codec-MediaFoundation-h265: 746d11721c4dcdbdad8f713fa42b33f4 -> 
  custom:video-decoder-webm-vp8: 9c59270c3fd7afecdb556c50c9e8de78 -> 
  custom:graphics/normal-map-encoding: 01000000000000000000000000000000 -> 02000000000000000000000000000000
  custom:audio-decoder-ogg-vorbis: bf7c407c2cedff20999df2af8eb42d56 -> 
  custom:audio-encoder-webm-vorbis: bf7c407c2cedff20999df2af8eb42d56 -> 
========================================================================
Received Prepare
Registering precompiled user dll's ...
Registered in 0.001991 seconds.
Begin MonoManager ReloadAssembly
Native extension for WindowsStandalone target not found
Refreshing native plugins compatible for Editor in 0.62 ms, found 2 plugins.
Preloading 0 native plugins for Editor in 0.00 ms.
Mono: successfully reloaded assembly
- Completed reload, in  0.922 seconds
Domain Reload Profiling:
	ReloadAssembly (922ms)
		BeginReloadAssembly (120ms)
			ExecutionOrderSort (0ms)
			DisableScriptedObjects (4ms)
			BackupInstance (0ms)
			ReleaseScriptingObjects (0ms)
			CreateAndSetChildDomain (39ms)
		EndReloadAssembly (740ms)
			LoadAssemblies (96ms)
			RebuildTransferFunctionScriptingTraits (0ms)
			SetupTypeCache (248ms)
			ReleaseScriptCaches (1ms)
			RebuildScriptCaches (37ms)
			SetupLoadedEditorAssemblies (255ms)
				LogAssemblyErrors (0ms)
				InitializePlatformSupportModulesInManaged (6ms)
				SetLoadedEditorAssemblies (1ms)
				RefreshPlugins (1ms)
				BeforeProcessingInitializeOnLoad (75ms)
				ProcessInitializeOnLoadAttributes (157ms)
				ProcessInitializeOnLoadMethodAttributes (12ms)
				AfterProcessingInitializeOnLoad (4ms)
				EditorAssembliesLoaded (0ms)
			ExecutionOrderSort2 (0ms)
			AwakeInstancesAfterBackupRestoration (2ms)
Platform modules already initialized, skipping
Switching build target platform(19) subTarget(0) extendedPlatform(0) -> platform(13) subTarget(537395200) extendedPlatform(0)
Refreshing native plugins compatible for Editor in 0.48 ms, found 2 plugins.
Preloading 0 native plugins for Editor in 0.00 ms.
Unloading 1537 Unused Serialized files (Serialized files now loaded: 0)
System memory in use before: 87.9 MB.
System memory in use after: 88.0 MB.

Unloading 12 unused Assets to reduce memory usage. Loaded Objects now: 2084.
Total: 3.760900 ms (FindLiveObjects: 0.434100 ms CreateObjectMapping: 0.176800 ms MarkObjects: 3.059800 ms  DeleteObjects: 0.088100 ms)

AssetImportParameters requested are different than current active one (requested -> active):
  custom:framework-win-MediaFoundation: 216162199b28c13a410421893ffa2e32 -> 
  custom:video-decoder-ogg-theora: a1e56fd34408186e4bbccfd4996cb3dc -> 
  custom:container-muxer-webm: aa71ff27fc2769a1b78a27578f13a17b -> 
  custom:container-demuxer-webm: 4f35f7cbe854078d1ac9338744f61a02 -> 
  custom:container-demuxer-ogg: 62fdf1f143b41e24485cea50d1cbac27 -> 
  custom:video-encoder-webm-vp8: eb34c28f22e8b96e1ab97ce403110664 -> 
  custom:video-codec-MediaFoundation-h265: 746d11721c4dcdbdad8f713fa42b33f4 -> 
  custom:video-decoder-webm-vp8: 9c59270c3fd7afecdb556c50c9e8de78 -> 
  custom:graphics/normal-map-encoding: 01000000000000000000000000000000 -> 02000000000000000000000000000000
  custom:audio-decoder-ogg-vorbis: bf7c407c2cedff20999df2af8eb42d56 -> 
  custom:audio-encoder-webm-vorbis: bf7c407c2cedff20999df2af8eb42d56 -> 
========================================================================
Received Prepare
Registering precompiled user dll's ...
Registered in 0.002879 seconds.
Begin MonoManager ReloadAssembly
Native extension for WindowsStandalone target not found
Refreshing native plugins compatible for Editor in 0.43 ms, found 2 plugins.
Preloading 0 native plugins for Editor in 0.00 ms.
Mono: successfully reloaded assembly
- Completed reload, in  0.876 seconds
Domain Reload Profiling:
	ReloadAssembly (877ms)
		BeginReloadAssembly (107ms)
			ExecutionOrderSort (0ms)
			DisableScriptedObjects (4ms)
			BackupInstance (0ms)
			ReleaseScriptingObjects (0ms)
			CreateAndSetChildDomain (36ms)
		EndReloadAssembly (715ms)
			LoadAssemblies (86ms)
			RebuildTransferFunctionScriptingTraits (0ms)
			SetupTypeCache (209ms)
			ReleaseScriptCaches (3ms)
			RebuildScriptCaches (55ms)
			SetupLoadedEditorAssemblies (248ms)
				LogAssemblyErrors (0ms)
				InitializePlatformSupportModulesInManaged (4ms)
				SetLoadedEditorAssemblies (0ms)
				RefreshPlugins (0ms)
				BeforeProcessingInitializeOnLoad (73ms)
				ProcessInitializeOnLoadAttributes (152ms)
				ProcessInitializeOnLoadMethodAttributes (12ms)
				AfterProcessingInitializeOnLoad (4ms)
				EditorAssembliesLoaded (0ms)
			ExecutionOrderSort2 (0ms)
			AwakeInstancesAfterBackupRestoration (3ms)
Platform modules already initialized, skipping
Switching build target platform(19) subTarget(0) extendedPlatform(0) -> platform(13) subTarget(537395200) extendedPlatform(0)
Refreshing native plugins compatible for Editor in 0.67 ms, found 2 plugins.
Preloading 0 native plugins for Editor in 0.00 ms.
Unloading 1537 Unused Serialized files (Serialized files now loaded: 0)
System memory in use before: 87.9 MB.
System memory in use after: 88.0 MB.

Unloading 12 unused Assets to reduce memory usage. Loaded Objects now: 2087.
Total: 2.466400 ms (FindLiveObjects: 0.156700 ms CreateObjectMapping: 0.037700 ms MarkObjects: 2.208500 ms  DeleteObjects: 0.062600 ms)

AssetImportParameters requested are different than current active one (requested -> active):
  custom:framework-win-MediaFoundation: 216162199b28c13a410421893ffa2e32 -> 
  custom:video-decoder-ogg-theora: a1e56fd34408186e4bbccfd4996cb3dc -> 
  custom:container-muxer-webm: aa71ff27fc2769a1b78a27578f13a17b -> 
  custom:container-demuxer-webm: 4f35f7cbe854078d1ac9338744f61a02 -> 
  custom:container-demuxer-ogg: 62fdf1f143b41e24485cea50d1cbac27 -> 
  custom:video-encoder-webm-vp8: eb34c28f22e8b96e1ab97ce403110664 -> 
  custom:video-codec-MediaFoundation-h265: 746d11721c4dcdbdad8f713fa42b33f4 -> 
  custom:video-decoder-webm-vp8: 9c59270c3fd7afecdb556c50c9e8de78 -> 
  custom:graphics/normal-map-encoding: 01000000000000000000000000000000 -> 02000000000000000000000000000000
  custom:audio-decoder-ogg-vorbis: bf7c407c2cedff20999df2af8eb42d56 -> 
  custom:audio-encoder-webm-vorbis: bf7c407c2cedff20999df2af8eb42d56 -> 
AssetImportWorkerClient::OnTransportError - code=2 error=End of file
